<?xml version="1.0" encoding="UTF-8"?>
<!-- Generated by org.testng.reporters.JUnitReportReporter -->
<testsuite hostname="DESKTOP-FF9S3V8" failures="0" tests="1" name="QALegendTestcases.TestCases" time="19.802" errors="0" timestamp="2024-09-23T11:21:11 EDT" skipped="0">
  <testcase classname="QALegendTestcases.TestCases" name="productAdd" time="19.802"/>
</testsuite> <!-- QALegendTestcases.TestCases -->
