<?xml version="1.0" encoding="UTF-8"?>
<!-- Generated by org.testng.reporters.JUnitReportReporter -->
<testsuite hostname="DESKTOP-FF9S3V8" failures="0" tests="1" name="QALegendTestcases.TestCases" time="20.838" errors="0" timestamp="2024-09-17T22:57:21 EDT" skipped="0">
  <testcase classname="QALegendTestcases.TestCases" name="addCustomerGroups" time="20.838"/>
</testsuite> <!-- QALegendTestcases.TestCases -->
